The target system is: Generic -  - avr
The host system is: Darwin - 16.6.0 - x86_64
Compiling the C compiler identification source file "CMakeCCompilerId.c" succeeded.
Compiler: /usr/local/bin/avr-gcc 
Build flags: 
Id flags:  

The output was:
0


Compilation of the C compiler identification source "CMakeCCompilerId.c" produced "a.out"

The C compiler identification is GNU, found in "/Users/user/CLionProjects/AVRprogramming/cmake-build-debug/CMakeFiles/3.8.2/CompilerIdC/a.out"

Compiling the CXX compiler identification source file "CMakeCXXCompilerId.cpp" succeeded.
Compiler: /usr/local/bin/avr-g++ 
Build flags: 
Id flags:  

The output was:
0


Compilation of the CXX compiler identification source "CMakeCXXCompilerId.cpp" produced "a.out"

The CXX compiler identification is GNU, found in "/Users/user/CLionProjects/AVRprogramming/cmake-build-debug/CMakeFiles/3.8.2/CompilerIdCXX/a.out"

Determining if the C compiler works passed with the following output:
Change Dir: /Users/user/CLionProjects/AVRprogramming/cmake-build-debug/CMakeFiles/CMakeTmp

Run Build Command:"/usr/bin/make" "cmTC_119ba/fast"
/Applications/Xcode.app/Contents/Developer/usr/bin/make -f CMakeFiles/cmTC_119ba.dir/build.make CMakeFiles/cmTC_119ba.dir/build
Building C object CMakeFiles/cmTC_119ba.dir/testCCompiler.c.obj
/usr/local/bin/avr-gcc   -O3 -DNDEBUG   -o CMakeFiles/cmTC_119ba.dir/testCCompiler.c.obj   -c /Users/user/CLionProjects/AVRprogramming/cmake-build-debug/CMakeFiles/CMakeTmp/testCCompiler.c
Linking C executable cmTC_119ba
/Applications/CLion.app/Contents/bin/cmake/bin/cmake -E cmake_link_script CMakeFiles/cmTC_119ba.dir/link.txt --verbose=1
/usr/local/bin/avr-gcc   -O3 -DNDEBUG    CMakeFiles/cmTC_119ba.dir/testCCompiler.c.obj  -o cmTC_119ba 


Detecting C compiler ABI info compiled with the following output:
Change Dir: /Users/user/CLionProjects/AVRprogramming/cmake-build-debug/CMakeFiles/CMakeTmp

Run Build Command:"/usr/bin/make" "cmTC_96114/fast"
/Applications/Xcode.app/Contents/Developer/usr/bin/make -f CMakeFiles/cmTC_96114.dir/build.make CMakeFiles/cmTC_96114.dir/build
Building C object CMakeFiles/cmTC_96114.dir/CMakeCCompilerABI.c.obj
/usr/local/bin/avr-gcc   -O3 -DNDEBUG   -o CMakeFiles/cmTC_96114.dir/CMakeCCompilerABI.c.obj   -c /Applications/CLion.app/Contents/bin/cmake/share/cmake-3.8/Modules/CMakeCCompilerABI.c
Linking C executable cmTC_96114
/Applications/CLion.app/Contents/bin/cmake/bin/cmake -E cmake_link_script CMakeFiles/cmTC_96114.dir/link.txt --verbose=1
/usr/local/bin/avr-gcc   -O3 -DNDEBUG   -v CMakeFiles/cmTC_96114.dir/CMakeCCompilerABI.c.obj  -o cmTC_96114 
Using built-in specs.
Reading specs from /usr/local/Cellar/avr-gcc/7.2.0/lib/gcc/avr/7.2.0/device-specs/specs-avr2
COLLECT_GCC=/usr/local/bin/avr-gcc
COLLECT_LTO_WRAPPER=/usr/local/Cellar/avr-gcc/7.2.0/libexec/gcc/avr/7.2.0/lto-wrapper
Target: avr
Configured with: ../configure --target=avr --prefix=/usr/local/Cellar/avr-gcc/7.2.0 --enable-languages=c,c++ --with-ld=/usr/local/opt/avr-binutils/bin/avr-ld --with-as=/usr/local/opt/avr-binutils/bin/avr-as --disable-nls --disable-libssp --disable-shared --disable-threads --disable-libgomp --with-dwarf2
Thread model: single
gcc version 7.2.0 (GCC) 
COMPILER_PATH=/usr/local/Cellar/avr-gcc/7.2.0/libexec/gcc/avr/7.2.0/:/usr/local/Cellar/avr-gcc/7.2.0/libexec/gcc/avr/7.2.0/:/usr/local/Cellar/avr-gcc/7.2.0/libexec/gcc/avr/:/usr/local/Cellar/avr-gcc/7.2.0/lib/gcc/avr/7.2.0/:/usr/local/Cellar/avr-gcc/7.2.0/lib/gcc/avr/
LIBRARY_PATH=/usr/local/Cellar/avr-gcc/7.2.0/lib/gcc/avr/7.2.0/:/usr/local/Cellar/avr-gcc/7.2.0/lib/gcc/avr/7.2.0/../../../../avr/lib/
COLLECT_GCC_OPTIONS='-O3' '-D' 'NDEBUG' '-v' '-o' 'cmTC_96114' '-specs=device-specs/specs-avr2'
 /usr/local/Cellar/avr-gcc/7.2.0/libexec/gcc/avr/7.2.0/collect2 -plugin /usr/local/Cellar/avr-gcc/7.2.0/libexec/gcc/avr/7.2.0/liblto_plugin.so -plugin-opt=/usr/local/Cellar/avr-gcc/7.2.0/libexec/gcc/avr/7.2.0/lto-wrapper -plugin-opt=-fresolution=/var/folders/mt/3wr508g56dg3hrsrs0qnzhg80000gn/T//ccs5wJ4N.res -plugin-opt=-pass-through=-lgcc -plugin-opt=-pass-through=-lm -plugin-opt=-pass-through=-lc -o cmTC_96114 -L/usr/local/Cellar/avr-gcc/7.2.0/lib/gcc/avr/7.2.0 -L/usr/local/Cellar/avr-gcc/7.2.0/lib/gcc/avr/7.2.0/../../../../avr/lib CMakeFiles/cmTC_96114.dir/CMakeCCompilerABI.c.obj --start-group -lgcc -lm -lc --end-group
COLLECT_GCC_OPTIONS='-O3' '-D' 'NDEBUG' '-v' '-o' 'cmTC_96114' '-specs=device-specs/specs-avr2'


Parsed C implicit link information from above output:
  link line regex: [^( *|.*[/\])(avr-ld|([^/\]+-)?ld|collect2)[^/\]*( |$)]
  ignore line: [Change Dir: /Users/user/CLionProjects/AVRprogramming/cmake-build-debug/CMakeFiles/CMakeTmp]
  ignore line: []
  ignore line: [Run Build Command:"/usr/bin/make" "cmTC_96114/fast"]
  ignore line: [/Applications/Xcode.app/Contents/Developer/usr/bin/make -f CMakeFiles/cmTC_96114.dir/build.make CMakeFiles/cmTC_96114.dir/build]
  ignore line: [Building C object CMakeFiles/cmTC_96114.dir/CMakeCCompilerABI.c.obj]
  ignore line: [/usr/local/bin/avr-gcc   -O3 -DNDEBUG   -o CMakeFiles/cmTC_96114.dir/CMakeCCompilerABI.c.obj   -c /Applications/CLion.app/Contents/bin/cmake/share/cmake-3.8/Modules/CMakeCCompilerABI.c]
  ignore line: [Linking C executable cmTC_96114]
  ignore line: [/Applications/CLion.app/Contents/bin/cmake/bin/cmake -E cmake_link_script CMakeFiles/cmTC_96114.dir/link.txt --verbose=1]
  ignore line: [/usr/local/bin/avr-gcc   -O3 -DNDEBUG   -v CMakeFiles/cmTC_96114.dir/CMakeCCompilerABI.c.obj  -o cmTC_96114 ]
  ignore line: [Using built-in specs.]
  ignore line: [Reading specs from /usr/local/Cellar/avr-gcc/7.2.0/lib/gcc/avr/7.2.0/device-specs/specs-avr2]
  ignore line: [COLLECT_GCC=/usr/local/bin/avr-gcc]
  ignore line: [COLLECT_LTO_WRAPPER=/usr/local/Cellar/avr-gcc/7.2.0/libexec/gcc/avr/7.2.0/lto-wrapper]
  ignore line: [Target: avr]
  ignore line: [Configured with: ../configure --target=avr --prefix=/usr/local/Cellar/avr-gcc/7.2.0 --enable-languages=c,c++ --with-ld=/usr/local/opt/avr-binutils/bin/avr-ld --with-as=/usr/local/opt/avr-binutils/bin/avr-as --disable-nls --disable-libssp --disable-shared --disable-threads --disable-libgomp --with-dwarf2]
  ignore line: [Thread model: single]
  ignore line: [gcc version 7.2.0 (GCC) ]
  ignore line: [COMPILER_PATH=/usr/local/Cellar/avr-gcc/7.2.0/libexec/gcc/avr/7.2.0/:/usr/local/Cellar/avr-gcc/7.2.0/libexec/gcc/avr/7.2.0/:/usr/local/Cellar/avr-gcc/7.2.0/libexec/gcc/avr/:/usr/local/Cellar/avr-gcc/7.2.0/lib/gcc/avr/7.2.0/:/usr/local/Cellar/avr-gcc/7.2.0/lib/gcc/avr/]
  ignore line: [LIBRARY_PATH=/usr/local/Cellar/avr-gcc/7.2.0/lib/gcc/avr/7.2.0/:/usr/local/Cellar/avr-gcc/7.2.0/lib/gcc/avr/7.2.0/../../../../avr/lib/]
  ignore line: [COLLECT_GCC_OPTIONS='-O3' '-D' 'NDEBUG' '-v' '-o' 'cmTC_96114' '-specs=device-specs/specs-avr2']
  link line: [ /usr/local/Cellar/avr-gcc/7.2.0/libexec/gcc/avr/7.2.0/collect2 -plugin /usr/local/Cellar/avr-gcc/7.2.0/libexec/gcc/avr/7.2.0/liblto_plugin.so -plugin-opt=/usr/local/Cellar/avr-gcc/7.2.0/libexec/gcc/avr/7.2.0/lto-wrapper -plugin-opt=-fresolution=/var/folders/mt/3wr508g56dg3hrsrs0qnzhg80000gn/T//ccs5wJ4N.res -plugin-opt=-pass-through=-lgcc -plugin-opt=-pass-through=-lm -plugin-opt=-pass-through=-lc -o cmTC_96114 -L/usr/local/Cellar/avr-gcc/7.2.0/lib/gcc/avr/7.2.0 -L/usr/local/Cellar/avr-gcc/7.2.0/lib/gcc/avr/7.2.0/../../../../avr/lib CMakeFiles/cmTC_96114.dir/CMakeCCompilerABI.c.obj --start-group -lgcc -lm -lc --end-group]
    arg [/usr/local/Cellar/avr-gcc/7.2.0/libexec/gcc/avr/7.2.0/collect2] ==> ignore
    arg [-plugin] ==> ignore
    arg [/usr/local/Cellar/avr-gcc/7.2.0/libexec/gcc/avr/7.2.0/liblto_plugin.so] ==> ignore
    arg [-plugin-opt=/usr/local/Cellar/avr-gcc/7.2.0/libexec/gcc/avr/7.2.0/lto-wrapper] ==> ignore
    arg [-plugin-opt=-fresolution=/var/folders/mt/3wr508g56dg3hrsrs0qnzhg80000gn/T//ccs5wJ4N.res] ==> ignore
    arg [-plugin-opt=-pass-through=-lgcc] ==> ignore
    arg [-plugin-opt=-pass-through=-lm] ==> ignore
    arg [-plugin-opt=-pass-through=-lc] ==> ignore
    arg [-o] ==> ignore
    arg [cmTC_96114] ==> ignore
    arg [-L/usr/local/Cellar/avr-gcc/7.2.0/lib/gcc/avr/7.2.0] ==> dir [/usr/local/Cellar/avr-gcc/7.2.0/lib/gcc/avr/7.2.0]
    arg [-L/usr/local/Cellar/avr-gcc/7.2.0/lib/gcc/avr/7.2.0/../../../../avr/lib] ==> dir [/usr/local/Cellar/avr-gcc/7.2.0/lib/gcc/avr/7.2.0/../../../../avr/lib]
    arg [CMakeFiles/cmTC_96114.dir/CMakeCCompilerABI.c.obj] ==> ignore
    arg [--start-group] ==> ignore
    arg [-lgcc] ==> lib [gcc]
    arg [-lm] ==> lib [m]
    arg [-lc] ==> lib [c]
    arg [--end-group] ==> ignore
  remove lib [gcc]
  collapse library dir [/usr/local/Cellar/avr-gcc/7.2.0/lib/gcc/avr/7.2.0] ==> [/usr/local/Cellar/avr-gcc/7.2.0/lib/gcc/avr/7.2.0]
  collapse library dir [/usr/local/Cellar/avr-gcc/7.2.0/lib/gcc/avr/7.2.0/../../../../avr/lib] ==> [/usr/local/Cellar/avr-gcc/7.2.0/avr/lib]
  implicit libs: [m;c]
  implicit dirs: [/usr/local/Cellar/avr-gcc/7.2.0/lib/gcc/avr/7.2.0;/usr/local/Cellar/avr-gcc/7.2.0/avr/lib]
  implicit fwks: []




Detecting C [-std=c11] compiler features compiled with the following output:
Change Dir: /Users/user/CLionProjects/AVRprogramming/cmake-build-debug/CMakeFiles/CMakeTmp

Run Build Command:"/usr/bin/make" "cmTC_5eb66/fast"
/Applications/Xcode.app/Contents/Developer/usr/bin/make -f CMakeFiles/cmTC_5eb66.dir/build.make CMakeFiles/cmTC_5eb66.dir/build
Building C object CMakeFiles/cmTC_5eb66.dir/feature_tests.c.obj
/usr/local/bin/avr-gcc   -O3 -DNDEBUG   -std=c11 -o CMakeFiles/cmTC_5eb66.dir/feature_tests.c.obj   -c /Users/user/CLionProjects/AVRprogramming/cmake-build-debug/CMakeFiles/feature_tests.c
Linking C executable cmTC_5eb66
/Applications/CLion.app/Contents/bin/cmake/bin/cmake -E cmake_link_script CMakeFiles/cmTC_5eb66.dir/link.txt --verbose=1
/usr/local/bin/avr-gcc   -O3 -DNDEBUG    CMakeFiles/cmTC_5eb66.dir/feature_tests.c.obj  -o cmTC_5eb66 


    Feature record: C_FEATURE:1c_function_prototypes
    Feature record: C_FEATURE:1c_restrict
    Feature record: C_FEATURE:1c_static_assert
    Feature record: C_FEATURE:1c_variadic_macros


Detecting C [-std=c99] compiler features compiled with the following output:
Change Dir: /Users/user/CLionProjects/AVRprogramming/cmake-build-debug/CMakeFiles/CMakeTmp

Run Build Command:"/usr/bin/make" "cmTC_086af/fast"
/Applications/Xcode.app/Contents/Developer/usr/bin/make -f CMakeFiles/cmTC_086af.dir/build.make CMakeFiles/cmTC_086af.dir/build
Building C object CMakeFiles/cmTC_086af.dir/feature_tests.c.obj
/usr/local/bin/avr-gcc   -O3 -DNDEBUG   -std=c99 -o CMakeFiles/cmTC_086af.dir/feature_tests.c.obj   -c /Users/user/CLionProjects/AVRprogramming/cmake-build-debug/CMakeFiles/feature_tests.c
Linking C executable cmTC_086af
/Applications/CLion.app/Contents/bin/cmake/bin/cmake -E cmake_link_script CMakeFiles/cmTC_086af.dir/link.txt --verbose=1
/usr/local/bin/avr-gcc   -O3 -DNDEBUG    CMakeFiles/cmTC_086af.dir/feature_tests.c.obj  -o cmTC_086af 


    Feature record: C_FEATURE:1c_function_prototypes
    Feature record: C_FEATURE:1c_restrict
    Feature record: C_FEATURE:0c_static_assert
    Feature record: C_FEATURE:1c_variadic_macros


Detecting C [-std=c90] compiler features compiled with the following output:
Change Dir: /Users/user/CLionProjects/AVRprogramming/cmake-build-debug/CMakeFiles/CMakeTmp

Run Build Command:"/usr/bin/make" "cmTC_b4a8a/fast"
/Applications/Xcode.app/Contents/Developer/usr/bin/make -f CMakeFiles/cmTC_b4a8a.dir/build.make CMakeFiles/cmTC_b4a8a.dir/build
Building C object CMakeFiles/cmTC_b4a8a.dir/feature_tests.c.obj
/usr/local/bin/avr-gcc   -O3 -DNDEBUG   -std=c90 -o CMakeFiles/cmTC_b4a8a.dir/feature_tests.c.obj   -c /Users/user/CLionProjects/AVRprogramming/cmake-build-debug/CMakeFiles/feature_tests.c
Linking C executable cmTC_b4a8a
/Applications/CLion.app/Contents/bin/cmake/bin/cmake -E cmake_link_script CMakeFiles/cmTC_b4a8a.dir/link.txt --verbose=1
/usr/local/bin/avr-gcc   -O3 -DNDEBUG    CMakeFiles/cmTC_b4a8a.dir/feature_tests.c.obj  -o cmTC_b4a8a 


    Feature record: C_FEATURE:1c_function_prototypes
    Feature record: C_FEATURE:0c_restrict
    Feature record: C_FEATURE:0c_static_assert
    Feature record: C_FEATURE:0c_variadic_macros
Determining if the CXX compiler works passed with the following output:
Change Dir: /Users/user/CLionProjects/AVRprogramming/cmake-build-debug/CMakeFiles/CMakeTmp

Run Build Command:"/usr/bin/make" "cmTC_fe6ff/fast"
/Applications/Xcode.app/Contents/Developer/usr/bin/make -f CMakeFiles/cmTC_fe6ff.dir/build.make CMakeFiles/cmTC_fe6ff.dir/build
Building CXX object CMakeFiles/cmTC_fe6ff.dir/testCXXCompiler.cxx.obj
/usr/local/bin/avr-g++    -O3 -DNDEBUG   -o CMakeFiles/cmTC_fe6ff.dir/testCXXCompiler.cxx.obj -c /Users/user/CLionProjects/AVRprogramming/cmake-build-debug/CMakeFiles/CMakeTmp/testCXXCompiler.cxx
Linking CXX executable cmTC_fe6ff
/Applications/CLion.app/Contents/bin/cmake/bin/cmake -E cmake_link_script CMakeFiles/cmTC_fe6ff.dir/link.txt --verbose=1
/usr/local/bin/avr-g++    -O3 -DNDEBUG    CMakeFiles/cmTC_fe6ff.dir/testCXXCompiler.cxx.obj  -o cmTC_fe6ff 


Detecting CXX compiler ABI info compiled with the following output:
Change Dir: /Users/user/CLionProjects/AVRprogramming/cmake-build-debug/CMakeFiles/CMakeTmp

Run Build Command:"/usr/bin/make" "cmTC_21930/fast"
/Applications/Xcode.app/Contents/Developer/usr/bin/make -f CMakeFiles/cmTC_21930.dir/build.make CMakeFiles/cmTC_21930.dir/build
Building CXX object CMakeFiles/cmTC_21930.dir/CMakeCXXCompilerABI.cpp.obj
/usr/local/bin/avr-g++    -O3 -DNDEBUG   -o CMakeFiles/cmTC_21930.dir/CMakeCXXCompilerABI.cpp.obj -c /Applications/CLion.app/Contents/bin/cmake/share/cmake-3.8/Modules/CMakeCXXCompilerABI.cpp
Linking CXX executable cmTC_21930
/Applications/CLion.app/Contents/bin/cmake/bin/cmake -E cmake_link_script CMakeFiles/cmTC_21930.dir/link.txt --verbose=1
/usr/local/bin/avr-g++    -O3 -DNDEBUG   -v CMakeFiles/cmTC_21930.dir/CMakeCXXCompilerABI.cpp.obj  -o cmTC_21930 
Using built-in specs.
Reading specs from /usr/local/Cellar/avr-gcc/7.2.0/lib/gcc/avr/7.2.0/device-specs/specs-avr2
COLLECT_GCC=/usr/local/bin/avr-g++
COLLECT_LTO_WRAPPER=/usr/local/Cellar/avr-gcc/7.2.0/libexec/gcc/avr/7.2.0/lto-wrapper
Target: avr
Configured with: ../configure --target=avr --prefix=/usr/local/Cellar/avr-gcc/7.2.0 --enable-languages=c,c++ --with-ld=/usr/local/opt/avr-binutils/bin/avr-ld --with-as=/usr/local/opt/avr-binutils/bin/avr-as --disable-nls --disable-libssp --disable-shared --disable-threads --disable-libgomp --with-dwarf2
Thread model: single
gcc version 7.2.0 (GCC) 
COMPILER_PATH=/usr/local/Cellar/avr-gcc/7.2.0/libexec/gcc/avr/7.2.0/:/usr/local/Cellar/avr-gcc/7.2.0/libexec/gcc/avr/7.2.0/:/usr/local/Cellar/avr-gcc/7.2.0/libexec/gcc/avr/:/usr/local/Cellar/avr-gcc/7.2.0/lib/gcc/avr/7.2.0/:/usr/local/Cellar/avr-gcc/7.2.0/lib/gcc/avr/
LIBRARY_PATH=/usr/local/Cellar/avr-gcc/7.2.0/lib/gcc/avr/7.2.0/:/usr/local/Cellar/avr-gcc/7.2.0/lib/gcc/avr/7.2.0/../../../../avr/lib/
COLLECT_GCC_OPTIONS='-O3' '-D' 'NDEBUG' '-v' '-o' 'cmTC_21930' '-specs=device-specs/specs-avr2'
 /usr/local/Cellar/avr-gcc/7.2.0/libexec/gcc/avr/7.2.0/collect2 -plugin /usr/local/Cellar/avr-gcc/7.2.0/libexec/gcc/avr/7.2.0/liblto_plugin.so -plugin-opt=/usr/local/Cellar/avr-gcc/7.2.0/libexec/gcc/avr/7.2.0/lto-wrapper -plugin-opt=-fresolution=/var/folders/mt/3wr508g56dg3hrsrs0qnzhg80000gn/T//ccad5Xi4.res -plugin-opt=-pass-through=-lgcc -plugin-opt=-pass-through=-lm -plugin-opt=-pass-through=-lc -o cmTC_21930 -L/usr/local/Cellar/avr-gcc/7.2.0/lib/gcc/avr/7.2.0 -L/usr/local/Cellar/avr-gcc/7.2.0/lib/gcc/avr/7.2.0/../../../../avr/lib CMakeFiles/cmTC_21930.dir/CMakeCXXCompilerABI.cpp.obj -lgcc -lm --start-group -lgcc -lm -lc --end-group
COLLECT_GCC_OPTIONS='-O3' '-D' 'NDEBUG' '-v' '-o' 'cmTC_21930' '-specs=device-specs/specs-avr2'


Parsed CXX implicit link information from above output:
  link line regex: [^( *|.*[/\])(avr-ld|([^/\]+-)?ld|collect2)[^/\]*( |$)]
  ignore line: [Change Dir: /Users/user/CLionProjects/AVRprogramming/cmake-build-debug/CMakeFiles/CMakeTmp]
  ignore line: []
  ignore line: [Run Build Command:"/usr/bin/make" "cmTC_21930/fast"]
  ignore line: [/Applications/Xcode.app/Contents/Developer/usr/bin/make -f CMakeFiles/cmTC_21930.dir/build.make CMakeFiles/cmTC_21930.dir/build]
  ignore line: [Building CXX object CMakeFiles/cmTC_21930.dir/CMakeCXXCompilerABI.cpp.obj]
  ignore line: [/usr/local/bin/avr-g++    -O3 -DNDEBUG   -o CMakeFiles/cmTC_21930.dir/CMakeCXXCompilerABI.cpp.obj -c /Applications/CLion.app/Contents/bin/cmake/share/cmake-3.8/Modules/CMakeCXXCompilerABI.cpp]
  ignore line: [Linking CXX executable cmTC_21930]
  ignore line: [/Applications/CLion.app/Contents/bin/cmake/bin/cmake -E cmake_link_script CMakeFiles/cmTC_21930.dir/link.txt --verbose=1]
  ignore line: [/usr/local/bin/avr-g++    -O3 -DNDEBUG   -v CMakeFiles/cmTC_21930.dir/CMakeCXXCompilerABI.cpp.obj  -o cmTC_21930 ]
  ignore line: [Using built-in specs.]
  ignore line: [Reading specs from /usr/local/Cellar/avr-gcc/7.2.0/lib/gcc/avr/7.2.0/device-specs/specs-avr2]
  ignore line: [COLLECT_GCC=/usr/local/bin/avr-g++]
  ignore line: [COLLECT_LTO_WRAPPER=/usr/local/Cellar/avr-gcc/7.2.0/libexec/gcc/avr/7.2.0/lto-wrapper]
  ignore line: [Target: avr]
  ignore line: [Configured with: ../configure --target=avr --prefix=/usr/local/Cellar/avr-gcc/7.2.0 --enable-languages=c,c++ --with-ld=/usr/local/opt/avr-binutils/bin/avr-ld --with-as=/usr/local/opt/avr-binutils/bin/avr-as --disable-nls --disable-libssp --disable-shared --disable-threads --disable-libgomp --with-dwarf2]
  ignore line: [Thread model: single]
  ignore line: [gcc version 7.2.0 (GCC) ]
  ignore line: [COMPILER_PATH=/usr/local/Cellar/avr-gcc/7.2.0/libexec/gcc/avr/7.2.0/:/usr/local/Cellar/avr-gcc/7.2.0/libexec/gcc/avr/7.2.0/:/usr/local/Cellar/avr-gcc/7.2.0/libexec/gcc/avr/:/usr/local/Cellar/avr-gcc/7.2.0/lib/gcc/avr/7.2.0/:/usr/local/Cellar/avr-gcc/7.2.0/lib/gcc/avr/]
  ignore line: [LIBRARY_PATH=/usr/local/Cellar/avr-gcc/7.2.0/lib/gcc/avr/7.2.0/:/usr/local/Cellar/avr-gcc/7.2.0/lib/gcc/avr/7.2.0/../../../../avr/lib/]
  ignore line: [COLLECT_GCC_OPTIONS='-O3' '-D' 'NDEBUG' '-v' '-o' 'cmTC_21930' '-specs=device-specs/specs-avr2']
  link line: [ /usr/local/Cellar/avr-gcc/7.2.0/libexec/gcc/avr/7.2.0/collect2 -plugin /usr/local/Cellar/avr-gcc/7.2.0/libexec/gcc/avr/7.2.0/liblto_plugin.so -plugin-opt=/usr/local/Cellar/avr-gcc/7.2.0/libexec/gcc/avr/7.2.0/lto-wrapper -plugin-opt=-fresolution=/var/folders/mt/3wr508g56dg3hrsrs0qnzhg80000gn/T//ccad5Xi4.res -plugin-opt=-pass-through=-lgcc -plugin-opt=-pass-through=-lm -plugin-opt=-pass-through=-lc -o cmTC_21930 -L/usr/local/Cellar/avr-gcc/7.2.0/lib/gcc/avr/7.2.0 -L/usr/local/Cellar/avr-gcc/7.2.0/lib/gcc/avr/7.2.0/../../../../avr/lib CMakeFiles/cmTC_21930.dir/CMakeCXXCompilerABI.cpp.obj -lgcc -lm --start-group -lgcc -lm -lc --end-group]
    arg [/usr/local/Cellar/avr-gcc/7.2.0/libexec/gcc/avr/7.2.0/collect2] ==> ignore
    arg [-plugin] ==> ignore
    arg [/usr/local/Cellar/avr-gcc/7.2.0/libexec/gcc/avr/7.2.0/liblto_plugin.so] ==> ignore
    arg [-plugin-opt=/usr/local/Cellar/avr-gcc/7.2.0/libexec/gcc/avr/7.2.0/lto-wrapper] ==> ignore
    arg [-plugin-opt=-fresolution=/var/folders/mt/3wr508g56dg3hrsrs0qnzhg80000gn/T//ccad5Xi4.res] ==> ignore
    arg [-plugin-opt=-pass-through=-lgcc] ==> ignore
    arg [-plugin-opt=-pass-through=-lm] ==> ignore
    arg [-plugin-opt=-pass-through=-lc] ==> ignore
    arg [-o] ==> ignore
    arg [cmTC_21930] ==> ignore
    arg [-L/usr/local/Cellar/avr-gcc/7.2.0/lib/gcc/avr/7.2.0] ==> dir [/usr/local/Cellar/avr-gcc/7.2.0/lib/gcc/avr/7.2.0]
    arg [-L/usr/local/Cellar/avr-gcc/7.2.0/lib/gcc/avr/7.2.0/../../../../avr/lib] ==> dir [/usr/local/Cellar/avr-gcc/7.2.0/lib/gcc/avr/7.2.0/../../../../avr/lib]
    arg [CMakeFiles/cmTC_21930.dir/CMakeCXXCompilerABI.cpp.obj] ==> ignore
    arg [-lgcc] ==> lib [gcc]
    arg [-lm] ==> lib [m]
    arg [--start-group] ==> ignore
    arg [-lgcc] ==> lib [gcc]
    arg [-lm] ==> lib [m]
    arg [-lc] ==> lib [c]
    arg [--end-group] ==> ignore
  remove lib [gcc]
  remove lib [gcc]
  collapse library dir [/usr/local/Cellar/avr-gcc/7.2.0/lib/gcc/avr/7.2.0] ==> [/usr/local/Cellar/avr-gcc/7.2.0/lib/gcc/avr/7.2.0]
  collapse library dir [/usr/local/Cellar/avr-gcc/7.2.0/lib/gcc/avr/7.2.0/../../../../avr/lib] ==> [/usr/local/Cellar/avr-gcc/7.2.0/avr/lib]
  implicit libs: [m;m;c]
  implicit dirs: [/usr/local/Cellar/avr-gcc/7.2.0/lib/gcc/avr/7.2.0;/usr/local/Cellar/avr-gcc/7.2.0/avr/lib]
  implicit fwks: []




Detecting CXX [-std=c++1z] compiler features compiled with the following output:
Change Dir: /Users/user/CLionProjects/AVRprogramming/cmake-build-debug/CMakeFiles/CMakeTmp

Run Build Command:"/usr/bin/make" "cmTC_86228/fast"
/Applications/Xcode.app/Contents/Developer/usr/bin/make -f CMakeFiles/cmTC_86228.dir/build.make CMakeFiles/cmTC_86228.dir/build
Building CXX object CMakeFiles/cmTC_86228.dir/feature_tests.cxx.obj
/usr/local/bin/avr-g++    -O3 -DNDEBUG   -std=c++1z -o CMakeFiles/cmTC_86228.dir/feature_tests.cxx.obj -c /Users/user/CLionProjects/AVRprogramming/cmake-build-debug/CMakeFiles/feature_tests.cxx
Linking CXX executable cmTC_86228
/Applications/CLion.app/Contents/bin/cmake/bin/cmake -E cmake_link_script CMakeFiles/cmTC_86228.dir/link.txt --verbose=1
/usr/local/bin/avr-g++    -O3 -DNDEBUG    CMakeFiles/cmTC_86228.dir/feature_tests.cxx.obj  -o cmTC_86228 


    Feature record: CXX_FEATURE:1cxx_aggregate_default_initializers
    Feature record: CXX_FEATURE:1cxx_alias_templates
    Feature record: CXX_FEATURE:1cxx_alignas
    Feature record: CXX_FEATURE:1cxx_alignof
    Feature record: CXX_FEATURE:1cxx_attributes
    Feature record: CXX_FEATURE:1cxx_attribute_deprecated
    Feature record: CXX_FEATURE:1cxx_auto_type
    Feature record: CXX_FEATURE:1cxx_binary_literals
    Feature record: CXX_FEATURE:1cxx_constexpr
    Feature record: CXX_FEATURE:1cxx_contextual_conversions
    Feature record: CXX_FEATURE:1cxx_decltype
    Feature record: CXX_FEATURE:1cxx_decltype_auto
    Feature record: CXX_FEATURE:1cxx_decltype_incomplete_return_types
    Feature record: CXX_FEATURE:1cxx_default_function_template_args
    Feature record: CXX_FEATURE:1cxx_defaulted_functions
    Feature record: CXX_FEATURE:1cxx_defaulted_move_initializers
    Feature record: CXX_FEATURE:1cxx_delegating_constructors
    Feature record: CXX_FEATURE:1cxx_deleted_functions
    Feature record: CXX_FEATURE:1cxx_digit_separators
    Feature record: CXX_FEATURE:1cxx_enum_forward_declarations
    Feature record: CXX_FEATURE:1cxx_explicit_conversions
    Feature record: CXX_FEATURE:1cxx_extended_friend_declarations
    Feature record: CXX_FEATURE:1cxx_extern_templates
    Feature record: CXX_FEATURE:1cxx_final
    Feature record: CXX_FEATURE:1cxx_func_identifier
    Feature record: CXX_FEATURE:1cxx_generalized_initializers
    Feature record: CXX_FEATURE:1cxx_generic_lambdas
    Feature record: CXX_FEATURE:1cxx_inheriting_constructors
    Feature record: CXX_FEATURE:1cxx_inline_namespaces
    Feature record: CXX_FEATURE:1cxx_lambdas
    Feature record: CXX_FEATURE:1cxx_lambda_init_captures
    Feature record: CXX_FEATURE:1cxx_local_type_template_args
    Feature record: CXX_FEATURE:1cxx_long_long_type
    Feature record: CXX_FEATURE:1cxx_noexcept
    Feature record: CXX_FEATURE:1cxx_nonstatic_member_init
    Feature record: CXX_FEATURE:1cxx_nullptr
    Feature record: CXX_FEATURE:1cxx_override
    Feature record: CXX_FEATURE:1cxx_range_for
    Feature record: CXX_FEATURE:1cxx_raw_string_literals
    Feature record: CXX_FEATURE:1cxx_reference_qualified_functions
    Feature record: CXX_FEATURE:1cxx_relaxed_constexpr
    Feature record: CXX_FEATURE:1cxx_return_type_deduction
    Feature record: CXX_FEATURE:1cxx_right_angle_brackets
    Feature record: CXX_FEATURE:1cxx_rvalue_references
    Feature record: CXX_FEATURE:1cxx_sizeof_member
    Feature record: CXX_FEATURE:1cxx_static_assert
    Feature record: CXX_FEATURE:1cxx_strong_enums
    Feature record: CXX_FEATURE:1cxx_template_template_parameters
    Feature record: CXX_FEATURE:1cxx_thread_local
    Feature record: CXX_FEATURE:1cxx_trailing_return_types
    Feature record: CXX_FEATURE:1cxx_unicode_literals
    Feature record: CXX_FEATURE:1cxx_uniform_initialization
    Feature record: CXX_FEATURE:1cxx_unrestricted_unions
    Feature record: CXX_FEATURE:1cxx_user_literals
    Feature record: CXX_FEATURE:1cxx_variable_templates
    Feature record: CXX_FEATURE:1cxx_variadic_macros
    Feature record: CXX_FEATURE:1cxx_variadic_templates


Detecting CXX [-std=c++14] compiler features compiled with the following output:
Change Dir: /Users/user/CLionProjects/AVRprogramming/cmake-build-debug/CMakeFiles/CMakeTmp

Run Build Command:"/usr/bin/make" "cmTC_105d1/fast"
/Applications/Xcode.app/Contents/Developer/usr/bin/make -f CMakeFiles/cmTC_105d1.dir/build.make CMakeFiles/cmTC_105d1.dir/build
Building CXX object CMakeFiles/cmTC_105d1.dir/feature_tests.cxx.obj
/usr/local/bin/avr-g++    -O3 -DNDEBUG   -std=c++14 -o CMakeFiles/cmTC_105d1.dir/feature_tests.cxx.obj -c /Users/user/CLionProjects/AVRprogramming/cmake-build-debug/CMakeFiles/feature_tests.cxx
Linking CXX executable cmTC_105d1
/Applications/CLion.app/Contents/bin/cmake/bin/cmake -E cmake_link_script CMakeFiles/cmTC_105d1.dir/link.txt --verbose=1
/usr/local/bin/avr-g++    -O3 -DNDEBUG    CMakeFiles/cmTC_105d1.dir/feature_tests.cxx.obj  -o cmTC_105d1 


    Feature record: CXX_FEATURE:1cxx_aggregate_default_initializers
    Feature record: CXX_FEATURE:1cxx_alias_templates
    Feature record: CXX_FEATURE:1cxx_alignas
    Feature record: CXX_FEATURE:1cxx_alignof
    Feature record: CXX_FEATURE:1cxx_attributes
    Feature record: CXX_FEATURE:1cxx_attribute_deprecated
    Feature record: CXX_FEATURE:1cxx_auto_type
    Feature record: CXX_FEATURE:1cxx_binary_literals
    Feature record: CXX_FEATURE:1cxx_constexpr
    Feature record: CXX_FEATURE:1cxx_contextual_conversions
    Feature record: CXX_FEATURE:1cxx_decltype
    Feature record: CXX_FEATURE:1cxx_decltype_auto
    Feature record: CXX_FEATURE:1cxx_decltype_incomplete_return_types
    Feature record: CXX_FEATURE:1cxx_default_function_template_args
    Feature record: CXX_FEATURE:1cxx_defaulted_functions
    Feature record: CXX_FEATURE:1cxx_defaulted_move_initializers
    Feature record: CXX_FEATURE:1cxx_delegating_constructors
    Feature record: CXX_FEATURE:1cxx_deleted_functions
    Feature record: CXX_FEATURE:1cxx_digit_separators
    Feature record: CXX_FEATURE:1cxx_enum_forward_declarations
    Feature record: CXX_FEATURE:1cxx_explicit_conversions
    Feature record: CXX_FEATURE:1cxx_extended_friend_declarations
    Feature record: CXX_FEATURE:1cxx_extern_templates
    Feature record: CXX_FEATURE:1cxx_final
    Feature record: CXX_FEATURE:1cxx_func_identifier
    Feature record: CXX_FEATURE:1cxx_generalized_initializers
    Feature record: CXX_FEATURE:1cxx_generic_lambdas
    Feature record: CXX_FEATURE:1cxx_inheriting_constructors
    Feature record: CXX_FEATURE:1cxx_inline_namespaces
    Feature record: CXX_FEATURE:1cxx_lambdas
    Feature record: CXX_FEATURE:1cxx_lambda_init_captures
    Feature record: CXX_FEATURE:1cxx_local_type_template_args
    Feature record: CXX_FEATURE:1cxx_long_long_type
    Feature record: CXX_FEATURE:1cxx_noexcept
    Feature record: CXX_FEATURE:1cxx_nonstatic_member_init
    Feature record: CXX_FEATURE:1cxx_nullptr
    Feature record: CXX_FEATURE:1cxx_override
    Feature record: CXX_FEATURE:1cxx_range_for
    Feature record: CXX_FEATURE:1cxx_raw_string_literals
    Feature record: CXX_FEATURE:1cxx_reference_qualified_functions
    Feature record: CXX_FEATURE:1cxx_relaxed_constexpr
    Feature record: CXX_FEATURE:1cxx_return_type_deduction
    Feature record: CXX_FEATURE:1cxx_right_angle_brackets
    Feature record: CXX_FEATURE:1cxx_rvalue_references
    Feature record: CXX_FEATURE:1cxx_sizeof_member
    Feature record: CXX_FEATURE:1cxx_static_assert
    Feature record: CXX_FEATURE:1cxx_strong_enums
    Feature record: CXX_FEATURE:1cxx_template_template_parameters
    Feature record: CXX_FEATURE:1cxx_thread_local
    Feature record: CXX_FEATURE:1cxx_trailing_return_types
    Feature record: CXX_FEATURE:1cxx_unicode_literals
    Feature record: CXX_FEATURE:1cxx_uniform_initialization
    Feature record: CXX_FEATURE:1cxx_unrestricted_unions
    Feature record: CXX_FEATURE:1cxx_user_literals
    Feature record: CXX_FEATURE:1cxx_variable_templates
    Feature record: CXX_FEATURE:1cxx_variadic_macros
    Feature record: CXX_FEATURE:1cxx_variadic_templates


Detecting CXX [-std=c++11] compiler features compiled with the following output:
Change Dir: /Users/user/CLionProjects/AVRprogramming/cmake-build-debug/CMakeFiles/CMakeTmp

Run Build Command:"/usr/bin/make" "cmTC_b05a0/fast"
/Applications/Xcode.app/Contents/Developer/usr/bin/make -f CMakeFiles/cmTC_b05a0.dir/build.make CMakeFiles/cmTC_b05a0.dir/build
Building CXX object CMakeFiles/cmTC_b05a0.dir/feature_tests.cxx.obj
/usr/local/bin/avr-g++    -O3 -DNDEBUG   -std=c++11 -o CMakeFiles/cmTC_b05a0.dir/feature_tests.cxx.obj -c /Users/user/CLionProjects/AVRprogramming/cmake-build-debug/CMakeFiles/feature_tests.cxx
Linking CXX executable cmTC_b05a0
/Applications/CLion.app/Contents/bin/cmake/bin/cmake -E cmake_link_script CMakeFiles/cmTC_b05a0.dir/link.txt --verbose=1
/usr/local/bin/avr-g++    -O3 -DNDEBUG    CMakeFiles/cmTC_b05a0.dir/feature_tests.cxx.obj  -o cmTC_b05a0 


    Feature record: CXX_FEATURE:0cxx_aggregate_default_initializers
    Feature record: CXX_FEATURE:1cxx_alias_templates
    Feature record: CXX_FEATURE:1cxx_alignas
    Feature record: CXX_FEATURE:1cxx_alignof
    Feature record: CXX_FEATURE:1cxx_attributes
    Feature record: CXX_FEATURE:0cxx_attribute_deprecated
    Feature record: CXX_FEATURE:1cxx_auto_type
    Feature record: CXX_FEATURE:0cxx_binary_literals
    Feature record: CXX_FEATURE:1cxx_constexpr
    Feature record: CXX_FEATURE:0cxx_contextual_conversions
    Feature record: CXX_FEATURE:1cxx_decltype
    Feature record: CXX_FEATURE:0cxx_decltype_auto
    Feature record: CXX_FEATURE:1cxx_decltype_incomplete_return_types
    Feature record: CXX_FEATURE:1cxx_default_function_template_args
    Feature record: CXX_FEATURE:1cxx_defaulted_functions
    Feature record: CXX_FEATURE:1cxx_defaulted_move_initializers
    Feature record: CXX_FEATURE:1cxx_delegating_constructors
    Feature record: CXX_FEATURE:1cxx_deleted_functions
    Feature record: CXX_FEATURE:0cxx_digit_separators
    Feature record: CXX_FEATURE:1cxx_enum_forward_declarations
    Feature record: CXX_FEATURE:1cxx_explicit_conversions
    Feature record: CXX_FEATURE:1cxx_extended_friend_declarations
    Feature record: CXX_FEATURE:1cxx_extern_templates
    Feature record: CXX_FEATURE:1cxx_final
    Feature record: CXX_FEATURE:1cxx_func_identifier
    Feature record: CXX_FEATURE:1cxx_generalized_initializers
    Feature record: CXX_FEATURE:0cxx_generic_lambdas
    Feature record: CXX_FEATURE:1cxx_inheriting_constructors
    Feature record: CXX_FEATURE:1cxx_inline_namespaces
    Feature record: CXX_FEATURE:1cxx_lambdas
    Feature record: CXX_FEATURE:0cxx_lambda_init_captures
    Feature record: CXX_FEATURE:1cxx_local_type_template_args
    Feature record: CXX_FEATURE:1cxx_long_long_type
    Feature record: CXX_FEATURE:1cxx_noexcept
    Feature record: CXX_FEATURE:1cxx_nonstatic_member_init
    Feature record: CXX_FEATURE:1cxx_nullptr
    Feature record: CXX_FEATURE:1cxx_override
    Feature record: CXX_FEATURE:1cxx_range_for
    Feature record: CXX_FEATURE:1cxx_raw_string_literals
    Feature record: CXX_FEATURE:1cxx_reference_qualified_functions
    Feature record: CXX_FEATURE:0cxx_relaxed_constexpr
    Feature record: CXX_FEATURE:0cxx_return_type_deduction
    Feature record: CXX_FEATURE:1cxx_right_angle_brackets
    Feature record: CXX_FEATURE:1cxx_rvalue_references
    Feature record: CXX_FEATURE:1cxx_sizeof_member
    Feature record: CXX_FEATURE:1cxx_static_assert
    Feature record: CXX_FEATURE:1cxx_strong_enums
    Feature record: CXX_FEATURE:1cxx_template_template_parameters
    Feature record: CXX_FEATURE:1cxx_thread_local
    Feature record: CXX_FEATURE:1cxx_trailing_return_types
    Feature record: CXX_FEATURE:1cxx_unicode_literals
    Feature record: CXX_FEATURE:1cxx_uniform_initialization
    Feature record: CXX_FEATURE:1cxx_unrestricted_unions
    Feature record: CXX_FEATURE:1cxx_user_literals
    Feature record: CXX_FEATURE:0cxx_variable_templates
    Feature record: CXX_FEATURE:1cxx_variadic_macros
    Feature record: CXX_FEATURE:1cxx_variadic_templates


Detecting CXX [-std=c++98] compiler features compiled with the following output:
Change Dir: /Users/user/CLionProjects/AVRprogramming/cmake-build-debug/CMakeFiles/CMakeTmp

Run Build Command:"/usr/bin/make" "cmTC_b9687/fast"
/Applications/Xcode.app/Contents/Developer/usr/bin/make -f CMakeFiles/cmTC_b9687.dir/build.make CMakeFiles/cmTC_b9687.dir/build
Building CXX object CMakeFiles/cmTC_b9687.dir/feature_tests.cxx.obj
/usr/local/bin/avr-g++    -O3 -DNDEBUG   -std=c++98 -o CMakeFiles/cmTC_b9687.dir/feature_tests.cxx.obj -c /Users/user/CLionProjects/AVRprogramming/cmake-build-debug/CMakeFiles/feature_tests.cxx
Linking CXX executable cmTC_b9687
/Applications/CLion.app/Contents/bin/cmake/bin/cmake -E cmake_link_script CMakeFiles/cmTC_b9687.dir/link.txt --verbose=1
/usr/local/bin/avr-g++    -O3 -DNDEBUG    CMakeFiles/cmTC_b9687.dir/feature_tests.cxx.obj  -o cmTC_b9687 


    Feature record: CXX_FEATURE:0cxx_aggregate_default_initializers
    Feature record: CXX_FEATURE:0cxx_alias_templates
    Feature record: CXX_FEATURE:0cxx_alignas
    Feature record: CXX_FEATURE:0cxx_alignof
    Feature record: CXX_FEATURE:0cxx_attributes
    Feature record: CXX_FEATURE:0cxx_attribute_deprecated
    Feature record: CXX_FEATURE:0cxx_auto_type
    Feature record: CXX_FEATURE:0cxx_binary_literals
    Feature record: CXX_FEATURE:0cxx_constexpr
    Feature record: CXX_FEATURE:0cxx_contextual_conversions
    Feature record: CXX_FEATURE:0cxx_decltype
    Feature record: CXX_FEATURE:0cxx_decltype_auto
    Feature record: CXX_FEATURE:0cxx_decltype_incomplete_return_types
    Feature record: CXX_FEATURE:0cxx_default_function_template_args
    Feature record: CXX_FEATURE:0cxx_defaulted_functions
    Feature record: CXX_FEATURE:0cxx_defaulted_move_initializers
    Feature record: CXX_FEATURE:0cxx_delegating_constructors
    Feature record: CXX_FEATURE:0cxx_deleted_functions
    Feature record: CXX_FEATURE:0cxx_digit_separators
    Feature record: CXX_FEATURE:0cxx_enum_forward_declarations
    Feature record: CXX_FEATURE:0cxx_explicit_conversions
    Feature record: CXX_FEATURE:0cxx_extended_friend_declarations
    Feature record: CXX_FEATURE:0cxx_extern_templates
    Feature record: CXX_FEATURE:0cxx_final
    Feature record: CXX_FEATURE:0cxx_func_identifier
    Feature record: CXX_FEATURE:0cxx_generalized_initializers
    Feature record: CXX_FEATURE:0cxx_generic_lambdas
    Feature record: CXX_FEATURE:0cxx_inheriting_constructors
    Feature record: CXX_FEATURE:0cxx_inline_namespaces
    Feature record: CXX_FEATURE:0cxx_lambdas
    Feature record: CXX_FEATURE:0cxx_lambda_init_captures
    Feature record: CXX_FEATURE:0cxx_local_type_template_args
    Feature record: CXX_FEATURE:0cxx_long_long_type
    Feature record: CXX_FEATURE:0cxx_noexcept
    Feature record: CXX_FEATURE:0cxx_nonstatic_member_init
    Feature record: CXX_FEATURE:0cxx_nullptr
    Feature record: CXX_FEATURE:0cxx_override
    Feature record: CXX_FEATURE:0cxx_range_for
    Feature record: CXX_FEATURE:0cxx_raw_string_literals
    Feature record: CXX_FEATURE:0cxx_reference_qualified_functions
    Feature record: CXX_FEATURE:0cxx_relaxed_constexpr
    Feature record: CXX_FEATURE:0cxx_return_type_deduction
    Feature record: CXX_FEATURE:0cxx_right_angle_brackets
    Feature record: CXX_FEATURE:0cxx_rvalue_references
    Feature record: CXX_FEATURE:0cxx_sizeof_member
    Feature record: CXX_FEATURE:0cxx_static_assert
    Feature record: CXX_FEATURE:0cxx_strong_enums
    Feature record: CXX_FEATURE:1cxx_template_template_parameters
    Feature record: CXX_FEATURE:0cxx_thread_local
    Feature record: CXX_FEATURE:0cxx_trailing_return_types
    Feature record: CXX_FEATURE:0cxx_unicode_literals
    Feature record: CXX_FEATURE:0cxx_uniform_initialization
    Feature record: CXX_FEATURE:0cxx_unrestricted_unions
    Feature record: CXX_FEATURE:0cxx_user_literals
    Feature record: CXX_FEATURE:0cxx_variable_templates
    Feature record: CXX_FEATURE:0cxx_variadic_macros
    Feature record: CXX_FEATURE:0cxx_variadic_templates
